<?xml version="1.0" encoding="UTF-8"?>
<!-- Generated by org.testng.reporters.JUnitReportReporter -->
<testsuite hostname="LAPTOP-OPDRACTK" failures="0" tests="1" name="GmailTesting.Gmail.Gmaillogin" time="34.096" errors="1" timestamp="04 Apr 2019 11:26:26 GMT" skipped="0">
  <testcase classname="GmailTesting.Gmail.Gmaillogin" name="runGmailTest" time="34.096">
    <error message="Unable to locate element: body.aAU:nth-child(2) div.dw:nth-child(37) div.nH div.nH div.no div.nH.nn:nth-child(3) div.no div.nH.nn:nth-child(1) div.AD div.nH div.nH.Hd div.nH:nth-child(3) div.aaZ div.M9 div.aoI:nth-child(4) table.aoP.aoC:nth-child(2) td.I5 table.iN:nth-child(4) td.HE div.aDg div.aDj.aDn div.aDh table.IZ tr.btC td.gU.az5:nth-child(5) div.J-J5-Ji.btx div.J-J5-Ji.bty:nth-child(1) div.J-JN-M-I.J-J5-Ji.Xv.L3.T-I-ax7.T-I &gt; div.J-J5-Ji.J-JN-M-I-JG:nth-child(2)
For documentation on this error, please visit: http://seleniumhq.org/exceptions/no_such_element.html
Build info: version: &#039;3.14.0&#039;, revision: &#039;aacccce0&#039;, time: &#039;2018-08-02T20:19:58.91Z&#039;
System info: host: &#039;LAPTOP-OPDRACTK&#039;, ip: &#039;192.168.1.20&#039;, os.name: &#039;Windows 10&#039;, os.arch: &#039;amd64&#039;, os.version: &#039;10.0&#039;, java.version: &#039;11.0.1&#039;
Driver info: org.openqa.selenium.firefox.FirefoxDriver
Capabilities {acceptInsecureCerts: true, browserName: firefox, browserVersion: 65.0.2, javascriptEnabled: true, moz:accessibilityChecks: false, moz:geckodriverVersion: 0.24.0, moz:headless: false, moz:processID: 32216, moz:profile: C:\Users\Saurabh bhandari\A..., moz:shutdownTimeout: 60000, moz:useNonSpecCompliantPointerOrigin: false, moz:webdriverClick: true, pageLoadStrategy: normal, platform: WINDOWS, platformName: WINDOWS, platformVersion: 10.0, rotatable: false, setWindowRect: true, strictFileInteractability: false, timeouts: {implicit: 0, pageLoad: 300000, script: 30000}, unhandledPromptBehavior: dismiss and notify}
Session ID: 19c65e90-d038-40af-a3ee-151d4d7d4e6f
*** Element info: {Using=css selector, value=body.aAU:nth-child(2) div.dw:nth-child(37) div.nH div.nH div.no div.nH.nn:nth-child(3) div.no div.nH.nn:nth-child(1) div.AD div.nH div.nH.Hd div.nH:nth-child(3) div.aaZ div.M9 div.aoI:nth-child(4) table.aoP.aoC:nth-child(2) td.I5 table.iN:nth-child(4) td.HE div.aDg div.aDj.aDn div.aDh table.IZ tr.btC td.gU.az5:nth-child(5) div.J-J5-Ji.btx div.J-J5-Ji.bty:nth-child(1) div.J-JN-M-I.J-J5-Ji.Xv.L3.T-I-ax7.T-I &gt; div.J-J5-Ji.J-JN-M-I-JG:nth-child(2)}" type="org.openqa.selenium.NoSuchElementException">
      <![CDATA[org.openqa.selenium.NoSuchElementException: Unable to locate element: body.aAU:nth-child(2) div.dw:nth-child(37) div.nH div.nH div.no div.nH.nn:nth-child(3) div.no div.nH.nn:nth-child(1) div.AD div.nH div.nH.Hd div.nH:nth-child(3) div.aaZ div.M9 div.aoI:nth-child(4) table.aoP.aoC:nth-child(2) td.I5 table.iN:nth-child(4) td.HE div.aDg div.aDj.aDn div.aDh table.IZ tr.btC td.gU.az5:nth-child(5) div.J-J5-Ji.btx div.J-J5-Ji.bty:nth-child(1) div.J-JN-M-I.J-J5-Ji.Xv.L3.T-I-ax7.T-I > div.J-J5-Ji.J-JN-M-I-JG:nth-child(2)
For documentation on this error, please visit: http://seleniumhq.org/exceptions/no_such_element.html
Build info: version: '3.14.0', revision: 'aacccce0', time: '2018-08-02T20:19:58.91Z'
System info: host: 'LAPTOP-OPDRACTK', ip: '192.168.1.20', os.name: 'Windows 10', os.arch: 'amd64', os.version: '10.0', java.version: '11.0.1'
Driver info: org.openqa.selenium.firefox.FirefoxDriver
Capabilities {acceptInsecureCerts: true, browserName: firefox, browserVersion: 65.0.2, javascriptEnabled: true, moz:accessibilityChecks: false, moz:geckodriverVersion: 0.24.0, moz:headless: false, moz:processID: 32216, moz:profile: C:\Users\Saurabh bhandari\A..., moz:shutdownTimeout: 60000, moz:useNonSpecCompliantPointerOrigin: false, moz:webdriverClick: true, pageLoadStrategy: normal, platform: WINDOWS, platformName: WINDOWS, platformVersion: 10.0, rotatable: false, setWindowRect: true, strictFileInteractability: false, timeouts: {implicit: 0, pageLoad: 300000, script: 30000}, unhandledPromptBehavior: dismiss and notify}
Session ID: 19c65e90-d038-40af-a3ee-151d4d7d4e6f
*** Element info: {Using=css selector, value=body.aAU:nth-child(2) div.dw:nth-child(37) div.nH div.nH div.no div.nH.nn:nth-child(3) div.no div.nH.nn:nth-child(1) div.AD div.nH div.nH.Hd div.nH:nth-child(3) div.aaZ div.M9 div.aoI:nth-child(4) table.aoP.aoC:nth-child(2) td.I5 table.iN:nth-child(4) td.HE div.aDg div.aDj.aDn div.aDh table.IZ tr.btC td.gU.az5:nth-child(5) div.J-J5-Ji.btx div.J-J5-Ji.bty:nth-child(1) div.J-JN-M-I.J-J5-Ji.Xv.L3.T-I-ax7.T-I > div.J-J5-Ji.J-JN-M-I-JG:nth-child(2)}
at java.base/jdk.internal.reflect.NativeConstructorAccessorImpl.newInstance0(Native Method)
at java.base/jdk.internal.reflect.NativeConstructorAccessorImpl.newInstance(NativeConstructorAccessorImpl.java:62)
at java.base/jdk.internal.reflect.DelegatingConstructorAccessorImpl.newInstance(DelegatingConstructorAccessorImpl.java:45)
at java.base/java.lang.reflect.Constructor.newInstance(Constructor.java:490)
at org.openqa.selenium.remote.http.W3CHttpResponseCodec.createException(W3CHttpResponseCodec.java:187)
at org.openqa.selenium.remote.http.W3CHttpResponseCodec.decode(W3CHttpResponseCodec.java:122)
at org.openqa.selenium.remote.http.W3CHttpResponseCodec.decode(W3CHttpResponseCodec.java:49)
at org.openqa.selenium.remote.HttpCommandExecutor.execute(HttpCommandExecutor.java:158)
at org.openqa.selenium.remote.service.DriverCommandExecutor.execute(DriverCommandExecutor.java:83)
at org.openqa.selenium.remote.RemoteWebDriver.execute(RemoteWebDriver.java:548)
at org.openqa.selenium.remote.RemoteWebDriver.findElement(RemoteWebDriver.java:322)
at org.openqa.selenium.remote.RemoteWebDriver.findElementByCssSelector(RemoteWebDriver.java:416)
at org.openqa.selenium.By$ByCssSelector.findElement(By.java:431)
at org.openqa.selenium.remote.RemoteWebDriver.findElement(RemoteWebDriver.java:314)
at GmailTesting.Gmail.Gmaillogin.runGmailTest(Gmaillogin.java:48)
at java.base/jdk.internal.reflect.NativeMethodAccessorImpl.invoke0(Native Method)
at java.base/jdk.internal.reflect.NativeMethodAccessorImpl.invoke(NativeMethodAccessorImpl.java:62)
at java.base/jdk.internal.reflect.DelegatingMethodAccessorImpl.invoke(DelegatingMethodAccessorImpl.java:43)
at java.base/java.lang.reflect.Method.invoke(Method.java:566)
at org.testng.internal.MethodInvocationHelper.invokeMethod(MethodInvocationHelper.java:124)
at org.testng.internal.Invoker.invokeMethod(Invoker.java:580)
at org.testng.internal.Invoker.invokeTestMethod(Invoker.java:716)
at org.testng.internal.Invoker.invokeTestMethods(Invoker.java:988)
at org.testng.internal.TestMethodWorker.invokeTestMethods(TestMethodWorker.java:125)
at org.testng.internal.TestMethodWorker.run(TestMethodWorker.java:109)
at org.testng.TestRunner.privateRun(TestRunner.java:648)
at org.testng.TestRunner.run(TestRunner.java:505)
at org.testng.SuiteRunner.runTest(SuiteRunner.java:455)
at org.testng.SuiteRunner.runSequentially(SuiteRunner.java:450)
at org.testng.SuiteRunner.privateRun(SuiteRunner.java:415)
at org.testng.SuiteRunner.run(SuiteRunner.java:364)
at org.testng.SuiteRunnerWorker.runSuite(SuiteRunnerWorker.java:52)
at org.testng.SuiteRunnerWorker.run(SuiteRunnerWorker.java:84)
at org.testng.TestNG.runSuitesSequentially(TestNG.java:1208)
at org.testng.TestNG.runSuitesLocally(TestNG.java:1137)
at org.testng.TestNG.runSuites(TestNG.java:1049)
at org.testng.TestNG.run(TestNG.java:1017)
at org.testng.remote.AbstractRemoteTestNG.run(AbstractRemoteTestNG.java:114)
at org.testng.remote.RemoteTestNG.initAndRun(RemoteTestNG.java:251)
at org.testng.remote.RemoteTestNG.main(RemoteTestNG.java:77)
]]>
    </error>
  </testcase> <!-- runGmailTest -->
</testsuite> <!-- GmailTesting.Gmail.Gmaillogin -->
